: MiB Mem :   1827.1 total,   1261.1 free,    496.8 used,     69.1 buff/cache
: MiB Mem :   1827.1 total,   1243.1 free,    514.8 used,     69.1 buff/cache
: MiB Mem :   1827.1 total,   1224.5 free,    533.4 used,     69.1 buff/cache
: MiB Mem :   1827.1 total,   1206.4 free,    551.6 used,     69.1 buff/cache
: MiB Mem :   1827.1 total,   1187.9 free,    570.0 used,     69.1 buff/cache
: MiB Mem :   1827.1 total,   1169.6 free,    588.3 used,     69.1 buff/cache
: MiB Mem :   1827.1 total,   1151.7 free,    606.2 used,     69.1 buff/cache
: MiB Mem :   1827.1 total,   1133.6 free,    624.3 used,     69.1 buff/cache
: MiB Mem :   1827.1 total,   1115.7 free,    642.3 used,     69.1 buff/cache
: MiB Mem :   1827.1 total,   1097.7 free,    660.2 used,     69.1 buff/cache
: MiB Mem :   1827.1 total,   1079.7 free,    678.2 used,     69.1 buff/cache
: MiB Mem :   1827.1 total,   1061.0 free,    696.9 used,     69.1 buff/cache
: MiB Mem :   1827.1 total,   1042.8 free,    715.2 used,     69.1 buff/cache
: MiB Mem :   1827.1 total,   1024.6 free,    733.3 used,     69.1 buff/cache
: MiB Mem :   1827.1 total,   1006.4 free,    751.5 used,     69.1 buff/cache
: MiB Mem :   1827.1 total,    988.2 free,    769.7 used,     69.1 buff/cache
: MiB Mem :   1827.1 total,    970.2 free,    787.8 used,     69.1 buff/cache
: MiB Mem :   1827.1 total,    952.1 free,    805.9 used,     69.1 buff/cache
: MiB Mem :   1827.1 total,    934.0 free,    823.9 used,     69.1 buff/cache
: MiB Mem :   1827.1 total,    915.9 free,    842.0 used,     69.1 buff/cache
: MiB Mem :   1827.1 total,    898.0 free,    859.9 used,     69.1 buff/cache
: MiB Mem :   1827.1 total,    880.2 free,    877.7 used,     69.1 buff/cache
: MiB Mem :   1827.1 total,    862.1 free,    895.9 used,     69.1 buff/cache
: MiB Mem :   1827.1 total,    843.6 free,    914.4 used,     69.1 buff/cache
: MiB Mem :   1827.1 total,    825.7 free,    932.2 used,     69.1 buff/cache
: MiB Mem :   1827.1 total,    807.6 free,    950.3 used,     69.1 buff/cache
: MiB Mem :   1827.1 total,    789.7 free,    968.2 used,     69.1 buff/cache
: MiB Mem :   1827.1 total,    771.5 free,    986.4 used,     69.1 buff/cache
: MiB Mem :   1827.1 total,    753.5 free,   1004.4 used,     69.1 buff/cache
: MiB Mem :   1827.1 total,    735.3 free,   1022.6 used,     69.1 buff/cache
: MiB Mem :   1827.1 total,    717.2 free,   1040.7 used,     69.1 buff/cache
: MiB Mem :   1827.1 total,    699.1 free,   1058.9 used,     69.1 buff/cache
: MiB Mem :   1827.1 total,    681.0 free,   1076.9 used,     69.1 buff/cache
: MiB Mem :   1827.1 total,    663.0 free,   1094.9 used,     69.1 buff/cache
: MiB Mem :   1827.1 total,    645.1 free,   1112.8 used,     69.1 buff/cache
: MiB Mem :   1827.1 total,    627.0 free,   1130.9 used,     69.1 buff/cache
: MiB Mem :   1827.1 total,    608.9 free,   1149.0 used,     69.1 buff/cache
: MiB Mem :   1827.1 total,    590.8 free,   1167.1 used,     69.1 buff/cache
: MiB Mem :   1827.1 total,    573.0 free,   1184.9 used,     69.1 buff/cache
: MiB Mem :   1827.1 total,    549.7 free,   1203.2 used,     74.2 buff/cache
: MiB Mem :   1827.1 total,    530.7 free,   1222.1 used,     74.3 buff/cache
: MiB Mem :   1827.1 total,    512.8 free,   1239.6 used,     74.6 buff/cache
: MiB Mem :   1827.1 total,    494.2 free,   1258.0 used,     74.8 buff/cache
: MiB Mem :   1827.1 total,    475.6 free,   1276.6 used,     74.8 buff/cache
: MiB Mem :   1827.1 total,    456.1 free,   1295.8 used,     75.2 buff/cache
: MiB Mem :   1827.1 total,    436.7 free,   1314.8 used,     75.5 buff/cache
: MiB Mem :   1827.1 total,    417.3 free,   1334.1 used,     75.7 buff/cache
: MiB Mem :   1827.1 total,    398.5 free,   1352.8 used,     75.7 buff/cache
: MiB Mem :   1827.1 total,    379.3 free,   1371.9 used,     75.8 buff/cache
: MiB Mem :   1827.1 total,    360.6 free,   1390.6 used,     75.9 buff/cache
: MiB Mem :   1827.1 total,    341.8 free,   1409.3 used,     76.0 buff/cache
: MiB Mem :   1827.1 total,    323.1 free,   1427.8 used,     76.1 buff/cache
: MiB Mem :   1827.1 total,    302.8 free,   1447.2 used,     77.0 buff/cache
: MiB Mem :   1827.1 total,    284.3 free,   1465.5 used,     77.3 buff/cache
: MiB Mem :   1827.1 total,    265.3 free,   1484.2 used,     77.6 buff/cache
: MiB Mem :   1827.1 total,    246.1 free,   1503.3 used,     77.7 buff/cache
: MiB Mem :   1827.1 total,    227.0 free,   1522.2 used,     77.8 buff/cache
: MiB Mem :   1827.1 total,    208.3 free,   1540.9 used,     77.8 buff/cache
: MiB Mem :   1827.1 total,    189.2 free,   1559.9 used,     77.9 buff/cache
: MiB Mem :   1827.1 total,    169.9 free,   1579.1 used,     78.0 buff/cache
: MiB Mem :   1827.1 total,    151.4 free,   1597.7 used,     78.0 buff/cache
: MiB Mem :   1827.1 total,    132.2 free,   1616.6 used,     78.2 buff/cache
: MiB Mem :   1827.1 total,    110.5 free,   1635.5 used,     81.0 buff/cache
: MiB Mem :   1827.1 total,     83.8 free,   1653.4 used,     89.9 buff/cache
: MiB Mem :   1827.1 total,     71.0 free,   1672.4 used,     83.6 buff/cache
: MiB Mem :   1827.1 total,     61.9 free,   1698.5 used,     66.6 buff/cache
: MiB Mem :   1827.1 total,    614.5 free,   1123.8 used,     88.7 buff/cache
: MiB Mem :   1827.1 total,    586.0 free,   1147.7 used,     93.3 buff/cache
: MiB Mem :   1827.1 total,    566.8 free,   1165.2 used,     95.1 buff/cache
: MiB Mem :   1827.1 total,    548.4 free,   1182.4 used,     96.2 buff/cache
: MiB Mem :   1827.1 total,    530.3 free,   1198.7 used,     98.1 buff/cache
: MiB Mem :   1827.1 total,    507.0 free,   1214.9 used,    105.1 buff/cache
: MiB Mem :   1827.1 total,    489.3 free,   1231.4 used,    106.3 buff/cache
: MiB Mem :   1827.1 total,    472.9 free,   1247.6 used,    106.6 buff/cache
: MiB Mem :   1827.1 total,    454.1 free,   1264.7 used,    108.2 buff/cache
: MiB Mem :   1827.1 total,    437.5 free,   1281.3 used,    108.3 buff/cache
: MiB Mem :   1827.1 total,    421.9 free,   1296.8 used,    108.3 buff/cache
: MiB Mem :   1827.1 total,    405.8 free,   1312.9 used,    108.4 buff/cache
: MiB Mem :   1827.1 total,    389.6 free,   1329.0 used,    108.5 buff/cache
: MiB Mem :   1827.1 total,    372.8 free,   1345.2 used,    109.0 buff/cache
: MiB Mem :   1827.1 total,    356.0 free,   1361.6 used,    109.5 buff/cache
: MiB Mem :   1827.1 total,    339.1 free,   1378.1 used,    109.8 buff/cache
: MiB Mem :   1827.1 total,    321.4 free,   1395.7 used,    110.0 buff/cache
: MiB Mem :   1827.1 total,    305.2 free,   1411.8 used,    110.1 buff/cache
: MiB Mem :   1827.1 total,    287.9 free,   1428.5 used,    110.7 buff/cache
: MiB Mem :   1827.1 total,    271.8 free,   1444.3 used,    110.9 buff/cache
: MiB Mem :   1827.1 total,    255.3 free,   1460.4 used,    111.4 buff/cache
: MiB Mem :   1827.1 total,    235.7 free,   1476.3 used,    115.0 buff/cache
: MiB Mem :   1827.1 total,    219.4 free,   1492.5 used,    115.2 buff/cache
: MiB Mem :   1827.1 total,    203.6 free,   1508.3 used,    115.2 buff/cache
: MiB Mem :   1827.1 total,    187.4 free,   1524.1 used,    115.5 buff/cache
: MiB Mem :   1827.1 total,    170.9 free,   1540.4 used,    115.8 buff/cache
: MiB Mem :   1827.1 total,    154.9 free,   1556.3 used,    115.8 buff/cache
: MiB Mem :   1827.1 total,    139.0 free,   1572.2 used,    115.9 buff/cache
: MiB Mem :   1827.1 total,    122.4 free,   1587.9 used,    116.8 buff/cache
: MiB Mem :   1827.1 total,    104.8 free,   1603.7 used,    118.6 buff/cache
: MiB Mem :   1827.1 total,     88.5 free,   1619.9 used,    118.6 buff/cache
: MiB Mem :   1827.1 total,     72.4 free,   1636.0 used,    118.6 buff/cache
: MiB Mem :   1827.1 total,     55.8 free,   1652.7 used,    118.6 buff/cache
: MiB Mem :   1827.1 total,     89.9 free,   1656.6 used,     80.6 buff/cache
: MiB Mem :   1827.1 total,     72.0 free,   1682.5 used,     72.5 buff/cache
: MiB Mem :   1827.1 total,     68.7 free,   1702.9 used,     55.4 buff/cache
